<?xml version="1.0" encoding="UTF-8"?><testsuite errors="0" failures="0" name="End to End testing of services data" skipped="0" tests="4" time="0.17" timestamp="2022-06-19T13:36:02.618+01:00[Europe/London]"><testcase name="Create a new services &amp; verify if the services is added"/><testcase name="Verify the services data are successfully created"/><testcase name="Update the services data for given ID"/><testcase name="Delete the services data for given ID &amp; verify the record are deleted successfully"/></testsuite>