<?xml version="1.0" encoding="UTF-8"?><testsuite errors="0" failures="0" name="End to End testing of Categories data" skipped="0" tests="4" time="0.3" timestamp="2022-06-19T13:36:02.094+01:00[Europe/London]"><testcase name="Create a new Categories &amp; verify if the Categories is added"/><testcase name="Verify the Categories data are successfully created"/><testcase name="Update the Categories data for given ID"/><testcase name="Delete the Prodct data for given ID &amp; verify the record are deleted successfully"/></testsuite>