<?xml version="1.0" encoding="UTF-8"?><testsuite errors="0" failures="0" name="End to End testing of Product data" skipped="0" tests="4" time="3.56" timestamp="2022-06-19T13:35:57.135+01:00[Europe/London]"><testcase name="Create a new Products &amp; verify if the Product is added"/><testcase name="Verify the Product data are successfully created"/><testcase name="Update the product data for given ID"/><testcase name="Delete the Prodct data for given ID &amp; verify the record are deleted successfully"/></testsuite>