<?xml version="1.0" encoding="UTF-8"?><testsuite errors="0" failures="0" name="End to End testing of Stores data" skipped="0" tests="4" time="0.2" timestamp="2022-06-19T13:36:01.774+01:00[Europe/London]"><testcase name="Create a new Stores &amp; verify if the Stores is added"/><testcase name="Verify the Stores data are successfully created"/><testcase name="Update the Stores data for given ID"/><testcase name="Delete the stores data for given ID &amp; verify the record are deleted successfully"/></testsuite>